21-11-28 19:08:12 INFO   start chrome browser for test.. 
21-11-28 19:08:13 INFO   Start signing in 
21-11-28 19:08:16 INFO   function -- find_element_expl_waiting      --parameters args: ('css selector', '#login_field')  
21-11-28 19:08:16 INFO   function -- find_element_expl_waiting      --parameters args: ('css selector', '#password')  
21-11-28 19:08:17 INFO   function -- do_click_explicit_waiting      --parameters args: ('css selector', "input[type='submit']")  
21-11-28 19:08:26 DEBUG  function -- is_element_present             -- parameters args: ('css selector', 'div:nth-child(7) > details') 
21-11-28 19:08:26 DEBUG  function -- is_user_authorized             -- parameters args: () 
21-11-28 19:08:26 INFO   Close browser 
21-11-28 19:08:26 INFO   start chrome browser for test.. 
21-11-28 19:08:28 INFO   Start signing in 
21-11-28 19:08:30 INFO   function -- find_element_expl_waiting      --parameters args: ('css selector', '#login_field')  
21-11-28 19:08:30 INFO   function -- find_element_expl_waiting      --parameters args: ('css selector', '#password')  
21-11-28 19:08:31 INFO   function -- do_click_explicit_waiting      --parameters args: ('css selector', "input[type='submit']")  
21-11-28 19:08:40 DEBUG  function -- is_element_present             -- parameters args: ('css selector', 'div:nth-child(7) > details') 
21-11-28 19:08:40 DEBUG  function -- is_user_authorized             -- parameters args: () 
21-11-28 19:08:41 INFO   Close browser 
21-11-28 19:08:41 INFO   start chrome browser for test.. 
21-11-28 19:08:42 INFO   Start signing in 
21-11-28 19:08:45 INFO   function -- find_element_expl_waiting      --parameters args: ('css selector', '#login_field')  
21-11-28 19:08:45 INFO   function -- find_element_expl_waiting      --parameters args: ('css selector', '#password')  
21-11-28 19:08:45 INFO   function -- do_click_explicit_waiting      --parameters args: ('css selector', "input[type='submit']")  
21-11-28 19:08:55 DEBUG  function -- is_element_present             -- parameters args: ('css selector', 'div:nth-child(7) > details') 
21-11-28 19:08:55 DEBUG  function -- is_user_authorized             -- parameters args: () 
21-11-28 19:08:55 INFO   Close browser 
21-11-28 19:08:55 INFO   start chrome browser for test.. 
21-11-28 19:08:56 INFO   Start signing in 
21-11-28 19:08:59 INFO   function -- find_element_expl_waiting      --parameters args: ('css selector', '#login_field')  
21-11-28 19:08:59 INFO   function -- find_element_expl_waiting      --parameters args: ('css selector', '#password')  
21-11-28 19:09:00 INFO   function -- do_click_explicit_waiting      --parameters args: ('css selector', "input[type='submit']")  
21-11-28 19:09:10 DEBUG  function -- is_element_present             -- parameters args: ('css selector', 'div:nth-child(7) > details') 
21-11-28 19:09:10 DEBUG  function -- is_user_authorized             -- parameters args: () 
21-11-28 19:09:10 INFO   Close browser 
21-11-28 19:09:10 INFO   start chrome browser for test.. 
21-11-28 19:09:12 INFO   Start signing in 
21-11-28 19:09:14 INFO   function -- find_element_expl_waiting      --parameters args: ('css selector', '#login_field')  
21-11-28 19:09:14 INFO   function -- find_element_expl_waiting      --parameters args: ('css selector', '#password')  
21-11-28 19:09:15 INFO   function -- do_click_explicit_waiting      --parameters args: ('css selector', "input[type='submit']")  
21-11-28 19:09:26 DEBUG  function -- is_element_present             -- parameters args: ('css selector', 'div:nth-child(7) > details') 
21-11-28 19:09:26 DEBUG  function -- is_user_authorized             -- parameters args: () 
21-11-28 19:09:26 INFO   Close browser 
21-11-28 19:09:26 INFO   start chrome browser for test.. 
21-11-28 19:09:27 INFO   Start signing in 
21-11-28 19:09:30 INFO   function -- find_element_expl_waiting      --parameters args: ('css selector', '#login_field')  
21-11-28 19:09:30 INFO   function -- find_element_expl_waiting      --parameters args: ('css selector', '#password')  
21-11-28 19:09:31 INFO   function -- do_click_explicit_waiting      --parameters args: ('css selector', "input[type='submit']")  
21-11-28 19:09:38 DEBUG  function -- is_element_present             -- parameters args: ('css selector', 'div:nth-child(7) > details') 
21-11-28 19:09:38 DEBUG  function -- is_user_authorized             -- parameters args: () 
21-11-28 19:09:38 INFO   Close browser 
21-11-28 19:09:38 INFO   start chrome browser for test.. 
21-11-28 19:09:40 INFO   Start signing in 
21-11-28 19:09:42 INFO   function -- find_element_expl_waiting      --parameters args: ('css selector', '#login_field')  
21-11-28 19:09:42 INFO   function -- find_element_expl_waiting      --parameters args: ('css selector', '#password')  
21-11-28 19:09:43 INFO   function -- do_click_explicit_waiting      --parameters args: ('css selector', "input[type='submit']")  
21-11-28 19:09:52 DEBUG  function -- is_element_present             -- parameters args: ('css selector', 'div:nth-child(7) > details') 
21-11-28 19:09:52 DEBUG  function -- is_user_authorized             -- parameters args: () 
21-11-28 19:09:53 INFO   Close browser 
21-11-28 19:16:38 INFO   start chrome browser for test.. 
21-11-28 19:16:40 INFO   Start signing in 
21-11-28 19:16:43 INFO   function -- find_element_expl_waiting      --parameters args: ('css selector', '#login_field')  
21-11-28 19:16:43 INFO   function -- find_element_expl_waiting      --parameters args: ('css selector', '#password')  
21-11-28 19:16:43 INFO   function -- do_click_explicit_waiting      --parameters args: ('css selector', "input[type='submit']")  
21-11-28 19:16:53 DEBUG  function -- is_element_present             -- parameters args: ('css selector', 'div:nth-child(7) > details') 
21-11-28 19:16:53 DEBUG  function -- is_user_authorized             -- parameters args: () 
21-11-28 19:16:53 INFO   Close browser 
