21-11-28 17:21:49 ERROR  TEST function -- test_user_should_be_authorized -- parameters args: () -- test_user_should_be_authorized() missing 1 required positional argument: 'browser'
21-11-28 17:22:00 ERROR  TEST function -- test_user_can_create_repository -- parameters args: () -- test_user_can_create_repository() missing 2 required positional arguments: 'browser' and 'delete_repository_after_creating_test'
21-11-28 17:22:09 ERROR  TEST function -- test_user_can_delete_repository -- parameters args: () -- test_user_can_delete_repository() missing 2 required positional arguments: 'browser' and 'create_repository_before_deleting_test'
21-11-28 17:22:19 ERROR  TEST function -- test_user_can_go_to_repository_page -- parameters args: () -- test_user_can_go_to_repository_page() missing 2 required positional arguments: 'browser' and 'prepare_new_repository_delete'
21-11-28 17:22:25 ERROR  TEST function -- test_user_can_go_repositories_page -- parameters args: () -- test_user_can_go_repositories_page() missing 1 required positional argument: 'browser'
21-11-28 17:23:15 ERROR  TEST function -- test_user_can_rename_repository -- parameters args: () -- test_user_can_rename_repository() missing 2 required positional arguments: 'browser' and 'prepare_new_repository_delete'
21-11-28 17:29:19 ERROR  TEST function -- test_user_should_be_authorized -- parameters args: () -- test_user_should_be_authorized() missing 1 required positional argument: 'browser'
21-11-28 17:29:26 ERROR  TEST function -- test_user_can_create_repository -- parameters args: () -- test_user_can_create_repository() missing 2 required positional arguments: 'browser' and 'delete_repository_after_creating_test'
21-11-28 17:29:34 ERROR  TEST function -- test_user_can_delete_repository -- parameters args: () -- test_user_can_delete_repository() missing 2 required positional arguments: 'browser' and 'create_repository_before_deleting_test'
21-11-28 17:29:41 ERROR  TEST function -- test_user_can_go_to_repository_page -- parameters args: () -- test_user_can_go_to_repository_page() missing 2 required positional arguments: 'browser' and 'prepare_new_repository_delete'
21-11-28 17:29:48 ERROR  TEST function -- test_user_can_go_repositories_page -- parameters args: () -- test_user_can_go_repositories_page() missing 1 required positional argument: 'browser'
21-11-28 17:30:36 ERROR  TEST function -- test_user_can_rename_repository -- parameters args: () -- test_user_can_rename_repository() missing 2 required positional arguments: 'browser' and 'prepare_new_repository_delete'
21-11-28 17:34:21 ERROR  TEST function -- test_user_should_be_authorized -- parameters args: () -- test_user_should_be_authorized() missing 1 required positional argument: 'browser'
21-11-28 17:34:21 ERROR  TEST function -- test_user_should_be_authorized -- parameters args: () -- test_user_should_be_authorized() missing 1 required positional argument: 'browser'
21-11-28 17:34:29 ERROR  TEST function -- test_user_can_create_repository -- parameters args: () -- test_user_can_create_repository() missing 2 required positional arguments: 'browser' and 'delete_repository_after_creating_test'
21-11-28 17:34:29 ERROR  TEST function -- test_user_can_create_repository -- parameters args: () -- test_user_can_create_repository() missing 2 required positional arguments: 'browser' and 'delete_repository_after_creating_test'
21-11-28 17:34:35 ERROR  TEST function -- test_user_can_delete_repository -- parameters args: () -- test_user_can_delete_repository() missing 2 required positional arguments: 'browser' and 'create_repository_before_deleting_test'
21-11-28 17:34:35 ERROR  TEST function -- test_user_can_delete_repository -- parameters args: () -- test_user_can_delete_repository() missing 2 required positional arguments: 'browser' and 'create_repository_before_deleting_test'
21-11-28 17:34:44 ERROR  TEST function -- test_user_can_go_to_repository_page -- parameters args: () -- test_user_can_go_to_repository_page() missing 2 required positional arguments: 'browser' and 'prepare_new_repository_delete'
21-11-28 17:34:44 ERROR  TEST function -- test_user_can_go_to_repository_page -- parameters args: () -- test_user_can_go_to_repository_page() missing 2 required positional arguments: 'browser' and 'prepare_new_repository_delete'
21-11-28 17:34:51 ERROR  TEST function -- test_user_can_go_repositories_page -- parameters args: () -- test_user_can_go_repositories_page() missing 1 required positional argument: 'browser'
21-11-28 17:34:51 ERROR  TEST function -- test_user_can_go_repositories_page -- parameters args: () -- test_user_can_go_repositories_page() missing 1 required positional argument: 'browser'
21-11-28 17:34:58 ERROR  TEST function -- test_user_can_add_readme_file  -- parameters args: () -- test_user_can_add_readme_file() missing 2 required positional arguments: 'browser' and 'prepare_new_repository_delete'
21-11-28 17:34:58 ERROR  TEST function -- test_user_can_add_readme_file  -- parameters args: () -- test_user_can_add_readme_file() missing 2 required positional arguments: 'browser' and 'prepare_new_repository_delete'
21-11-28 17:35:03 ERROR  TEST function -- test_user_can_rename_repository -- parameters args: () -- test_user_can_rename_repository() missing 2 required positional arguments: 'browser' and 'prepare_new_repository_delete'
21-11-28 17:35:03 ERROR  TEST function -- test_user_can_rename_repository -- parameters args: () -- test_user_can_rename_repository() missing 2 required positional arguments: 'browser' and 'prepare_new_repository_delete'
